Detecting compiler hash for triplet x64-osx...
The following packages will be built and installed:
    catch2[core]:x64-osx -> 3.3.2
  * nlohmann-json[core]:x64-osx -> 3.11.2
  * vcpkg-cmake[core]:x64-osx -> 2022-12-22
  * vcpkg-cmake-config[core]:x64-osx -> 2022-02-06#1
    xtensor[core]:x64-osx -> 0.24.3
  * xtl[core]:x64-osx -> 0.7.2#1
Additional packages (*) will be modified to complete this operation.
Restored 6 package(s) from /Users/danialjavady/.cache/vcpkg/archives in 290 ms. Use --debug to see more details.
Installing 1/6 vcpkg-cmake-config:x64-osx...
Elapsed time to handle vcpkg-cmake-config:x64-osx: 3.06 ms
Installing 2/6 vcpkg-cmake:x64-osx...
Elapsed time to handle vcpkg-cmake:x64-osx: 3.33 ms
Installing 3/6 catch2:x64-osx...
Elapsed time to handle catch2:x64-osx: 86.7 ms
Installing 4/6 nlohmann-json:x64-osx...
Elapsed time to handle nlohmann-json:x64-osx: 27.8 ms
Installing 5/6 xtl:x64-osx...
Elapsed time to handle xtl:x64-osx: 16.2 ms
Installing 6/6 xtensor:x64-osx...
Elapsed time to handle xtensor:x64-osx: 37.6 ms
Total install time: 465 ms
catch2 provides CMake targets:

    # this is heuristically generated, and may not be correct
    find_package(Catch2 CONFIG REQUIRED)
    target_link_libraries(main PRIVATE Catch2::Catch2 Catch2::Catch2WithMain)

xtensor provides CMake targets:

    # this is heuristically generated, and may not be correct
    find_package(xtensor CONFIG REQUIRED)
    target_link_libraries(main PRIVATE xtensor::use_TBB xtensor::optimize xtensor::use_xsimd)

